# JRE version: OpenJDK Runtime Environment Temurin-17.0.5+8 (17.0.5+8) (build 17.0.5+8)
# Java VM: OpenJDK 64-Bit Server VM Temurin-17.0.5+8 (17.0.5+8, mixed mode, sharing, tiered, compressed oops, compressed class ptrs, g1 gc, windows-amd64)
GC Precious Log:
 CPUs: 8 total, 8 available
 Memory: 7975M
 Large Page Support: Disabled
 NUMA Support: Disabled
 Compressed Oops: Enabled (Zero based)
 Heap Region Size: 2M
 Heap Min Capacity: 8M
 Heap Initial Capacity: 126M
 Heap Max Capacity: 4G
 Pre-touch: Disabled
 Parallel Workers: 8
 Concurrent Workers: 2
 Concurrent Refinement Workers: 8
 Periodic GC: Disabled
Heap:
 garbage-first heap   total 90112K, used 53986K [0x0000000700000000, 0x0000000800000000)
  region size 2048K, 10 young (20480K), 2 survivors (4096K)
 Metaspace       used 54803K, committed 55424K, reserved 1097728K
  class space    used 7818K, committed 8128K, reserved 1048576K
GC Heap History (20 events):
Event: 7.177 GC heap before
{Heap before GC invocations=5 (full 0):
 garbage-first heap   total 90112K, used 71509K [0x0000000700000000, 0x0000000800000000)
  region size 2048K, 26 young (53248K), 2 survivors (4096K)
 Metaspace       used 29416K, committed 29760K, reserved 1081344K
  class space    used 4234K, committed 4416K, reserved 1048576K
}
Event: 7.184 GC heap after
{Heap after GC invocations=6 (full 0):
 garbage-first heap   total 90112K, used 25431K [0x0000000700000000, 0x0000000800000000)
  region size 2048K, 4 young (8192K), 4 survivors (8192K)
 Metaspace       used 29416K, committed 29760K, reserved 1081344K
  class space    used 4234K, committed 4416K, reserved 1048576K
}
Event: 7.230 GC heap before
{Heap before GC invocations=6 (full 0):
 garbage-first heap   total 90112K, used 27479K [0x0000000700000000, 0x0000000800000000)
  region size 2048K, 5 young (10240K), 4 survivors (8192K)
 Metaspace       used 29804K, committed 30144K, reserved 1081344K
  class space    used 4278K, committed 4416K, reserved 1048576K
}
Event: 7.236 GC heap after
{Heap after GC invocations=7 (full 0):
 garbage-first heap   total 90112K, used 26153K [0x0000000700000000, 0x0000000800000000)
  region size 2048K, 1 young (2048K), 1 survivors (2048K)
 Metaspace       used 29804K, committed 30144K, reserved 1081344K
  class space    used 4278K, committed 4416K, reserved 1048576K
}
Event: 8.140 GC heap before
{Heap before GC invocations=7 (full 0):
 garbage-first heap   total 90112K, used 65065K [0x0000000700000000, 0x0000000800000000)
  region size 2048K, 19 young (38912K), 1 survivors (2048K)
 Metaspace       used 33044K, committed 33408K, reserved 1081344K
  class space    used 4584K, committed 4736K, reserved 1048576K
}
Event: 8.144 GC heap after
{Heap after GC invocations=8 (full 0):
 garbage-first heap   total 90112K, used 29036K [0x0000000700000000, 0x0000000800000000)
  region size 2048K, 2 young (4096K), 2 survivors (4096K)
 Metaspace       used 33044K, committed 33408K, reserved 1081344K
  class space    used 4584K, committed 4736K, reserved 1048576K
}
Event: 8.932 GC heap before
{Heap before GC invocations=8 (full 0):
 garbage-first heap   total 90112K, used 65900K [0x0000000700000000, 0x0000000800000000)
  region size 2048K, 20 young (40960K), 2 survivors (4096K)
 Metaspace       used 35086K, committed 35584K, reserved 1081344K
  class space    used 4889K, committed 5120K, reserved 1048576K
}
Event: 8.938 GC heap after
{Heap after GC invocations=9 (full 0):
 garbage-first heap   total 90112K, used 31368K [0x0000000700000000, 0x0000000800000000)
  region size 2048K, 2 young (4096K), 2 survivors (4096K)
 Metaspace       used 35086K, committed 35584K, reserved 1081344K
  class space    used 4889K, committed 5120K, reserved 1048576K
}
Event: 9.088 GC heap before
{Heap before GC invocations=9 (full 0):
 garbage-first heap   total 90112K, used 41608K [0x0000000700000000, 0x0000000800000000)
  region size 2048K, 9 young (18432K), 2 survivors (4096K)
 Metaspace       used 35552K, committed 35968K, reserved 1081344K
  class space    used 4902K, committed 5120K, reserved 1048576K
}
Event: 9.092 GC heap after
{Heap after GC invocations=10 (full 0):
 garbage-first heap   total 90112K, used 32151K [0x0000000700000000, 0x0000000800000000)
  region size 2048K, 2 young (4096K), 2 survivors (4096K)
 Metaspace       used 35552K, committed 35968K, reserved 1081344K
  class space    used 4902K, committed 5120K, reserved 1048576K
}
Event: 10.698 GC heap before
{Heap before GC invocations=11 (full 0):
 garbage-first heap   total 90112K, used 66967K [0x0000000700000000, 0x0000000800000000)
  region size 2048K, 20 young (40960K), 2 survivors (4096K)
 Metaspace       used 39464K, committed 40000K, reserved 1089536K
  class space    used 5552K, committed 5824K, reserved 1048576K
}
Event: 10.704 GC heap after
{Heap after GC invocations=12 (full 0):
 garbage-first heap   total 90112K, used 33691K [0x0000000700000000, 0x0000000800000000)
  region size 2048K, 2 young (4096K), 2 survivors (4096K)
 Metaspace       used 39464K, committed 40000K, reserved 1089536K
  class space    used 5552K, committed 5824K, reserved 1048576K
}
Event: 12.153 GC heap before
{Heap before GC invocations=13 (full 0):
 garbage-first heap   total 90112K, used 66459K [0x0000000700000000, 0x0000000800000000)
  region size 2048K, 18 young (36864K), 2 survivors (4096K)
 Metaspace       used 43455K, committed 44032K, reserved 1089536K
  class space    used 6174K, committed 6464K, reserved 1048576K
}
Event: 12.159 GC heap after
{Heap after GC invocations=14 (full 0):
 garbage-first heap   total 90112K, used 34730K [0x0000000700000000, 0x0000000800000000)
  region size 2048K, 2 young (4096K), 2 survivors (4096K)
 Metaspace       used 43455K, committed 44032K, reserved 1089536K
  class space    used 6174K, committed 6464K, reserved 1048576K
}
Event: 13.707 GC heap before
{Heap before GC invocations=14 (full 0):
 garbage-first heap   total 90112K, used 67498K [0x0000000700000000, 0x0000000800000000)
  region size 2048K, 19 young (38912K), 2 survivors (4096K)
 Metaspace       used 47068K, committed 47616K, reserved 1097728K
  class space    used 6703K, committed 6976K, reserved 1048576K
}
Event: 13.712 GC heap after
{Heap after GC invocations=15 (full 0):
 garbage-first heap   total 90112K, used 36107K [0x0000000700000000, 0x0000000800000000)
  region size 2048K, 2 young (4096K), 2 survivors (4096K)
 Metaspace       used 47068K, committed 47616K, reserved 1097728K
  class space    used 6703K, committed 6976K, reserved 1048576K
}
Event: 14.428 GC heap before
{Heap before GC invocations=15 (full 0):
 garbage-first heap   total 90112K, used 66827K [0x0000000700000000, 0x0000000800000000)
  region size 2048K, 18 young (36864K), 2 survivors (4096K)
 Metaspace       used 50096K, committed 50624K, reserved 1097728K
  class space    used 7069K, committed 7296K, reserved 1048576K
}
Event: 14.432 GC heap after
{Heap after GC invocations=16 (full 0):
 garbage-first heap   total 90112K, used 38002K [0x0000000700000000, 0x0000000800000000)
  region size 2048K, 3 young (6144K), 3 survivors (6144K)
 Metaspace       used 50096K, committed 50624K, reserved 1097728K
  class space    used 7069K, committed 7296K, reserved 1048576K
}
Event: 15.364 GC heap before
{Heap before GC invocations=16 (full 0):
 garbage-first heap   total 90112K, used 68722K [0x0000000700000000, 0x0000000800000000)
  region size 2048K, 18 young (36864K), 3 survivors (6144K)
 Metaspace       used 53466K, committed 54080K, reserved 1097728K
  class space    used 7582K, committed 7872K, reserved 1048576K
}
Event: 15.370 GC heap after
{Heap after GC invocations=17 (full 0):
 garbage-first heap   total 90112K, used 39650K [0x0000000700000000, 0x0000000800000000)
  region size 2048K, 2 young (4096K), 2 survivors (4096K)
 Metaspace       used 53466K, committed 54080K, reserved 1097728K
  class space    used 7582K, committed 7872K, reserved 1048576K
}

