# JRE version: OpenJDK Runtime Environment Temurin-17.0.5+8 (17.0.5+8) (build 17.0.5+8)
# Java VM: OpenJDK 64-Bit Server VM Temurin-17.0.5+8 (17.0.5+8, mixed mode, sharing, tiered, compressed oops, compressed class ptrs, g1 gc, windows-amd64)
GC Precious Log:
 CPUs: 8 total, 8 available
 Memory: 7975M
 Large Page Support: Disabled
 NUMA Support: Disabled
 Compressed Oops: Enabled (Zero based)
 Heap Region Size: 2M
 Heap Min Capacity: 8M
 Heap Initial Capacity: 126M
 Heap Max Capacity: 4G
 Pre-touch: Disabled
 Parallel Workers: 8
 Concurrent Workers: 2
 Concurrent Refinement Workers: 8
 Periodic GC: Disabled
Heap:
 garbage-first heap   total 172032K, used 109627K [0x0000000700000000, 0x0000000800000000)
  region size 2048K, 11 young (22528K), 3 survivors (6144K)
 Metaspace       used 86945K, committed 87744K, reserved 1130496K
  class space    used 11965K, committed 12352K, reserved 1048576K
GC Heap History (20 events):
Event: 11.745 GC heap before
{Heap before GC invocations=18 (full 0):
 garbage-first heap   total 137216K, used 112263K [0x0000000700000000, 0x0000000800000000)
  region size 2048K, 34 young (69632K), 3 survivors (6144K)
 Metaspace       used 69831K, committed 70464K, reserved 1114112K
  class space    used 9782K, committed 10112K, reserved 1048576K
}
Event: 11.754 GC heap after
{Heap after GC invocations=19 (full 0):
 garbage-first heap   total 137216K, used 53835K [0x0000000700000000, 0x0000000800000000)
  region size 2048K, 5 young (10240K), 5 survivors (10240K)
 Metaspace       used 69831K, committed 70464K, reserved 1114112K
  class space    used 9782K, committed 10112K, reserved 1048576K
}
Event: 13.921 GC heap before
{Heap before GC invocations=19 (full 0):
 garbage-first heap   total 137216K, used 105035K [0x0000000700000000, 0x0000000800000000)
  region size 2048K, 31 young (63488K), 5 survivors (10240K)
 Metaspace       used 73017K, committed 73728K, reserved 1114112K
  class space    used 10238K, committed 10560K, reserved 1048576K
}
Event: 13.930 GC heap after
{Heap after GC invocations=20 (full 0):
 garbage-first heap   total 137216K, used 58859K [0x0000000700000000, 0x0000000800000000)
  region size 2048K, 3 young (6144K), 3 survivors (6144K)
 Metaspace       used 73017K, committed 73728K, reserved 1114112K
  class space    used 10238K, committed 10560K, reserved 1048576K
}
Event: 14.501 GC heap before
{Heap before GC invocations=20 (full 0):
 garbage-first heap   total 137216K, used 112107K [0x0000000700000000, 0x0000000800000000)
  region size 2048K, 27 young (55296K), 3 survivors (6144K)
 Metaspace       used 73990K, committed 74688K, reserved 1114112K
  class space    used 10361K, committed 10688K, reserved 1048576K
}
Event: 14.508 GC heap after
{Heap after GC invocations=21 (full 0):
 garbage-first heap   total 137216K, used 75070K [0x0000000700000000, 0x0000000800000000)
  region size 2048K, 4 young (8192K), 4 survivors (8192K)
 Metaspace       used 73990K, committed 74688K, reserved 1114112K
  class space    used 10361K, committed 10688K, reserved 1048576K
}
Event: 14.587 GC heap before
{Heap before GC invocations=21 (full 0):
 garbage-first heap   total 137216K, used 85310K [0x0000000700000000, 0x0000000800000000)
  region size 2048K, 10 young (20480K), 4 survivors (8192K)
 Metaspace       used 74126K, committed 74816K, reserved 1114112K
  class space    used 10378K, committed 10688K, reserved 1048576K
}
Event: 14.591 GC heap after
{Heap after GC invocations=22 (full 0):
 garbage-first heap   total 137216K, used 75844K [0x0000000700000000, 0x0000000800000000)
  region size 2048K, 1 young (2048K), 1 survivors (2048K)
 Metaspace       used 74126K, committed 74816K, reserved 1114112K
  class space    used 10378K, committed 10688K, reserved 1048576K
}
Event: 14.955 GC heap before
{Heap before GC invocations=23 (full 0):
 garbage-first heap   total 141312K, used 108612K [0x0000000700000000, 0x0000000800000000)
  region size 2048K, 17 young (34816K), 1 survivors (2048K)
 Metaspace       used 76398K, committed 77184K, reserved 1122304K
  class space    used 10662K, committed 11008K, reserved 1048576K
}
Event: 14.958 GC heap after
{Heap after GC invocations=24 (full 0):
 garbage-first heap   total 141312K, used 80852K [0x0000000700000000, 0x0000000800000000)
  region size 2048K, 2 young (4096K), 2 survivors (4096K)
 Metaspace       used 76398K, committed 77184K, reserved 1122304K
  class space    used 10662K, committed 11008K, reserved 1048576K
}
Event: 15.281 GC heap before
{Heap before GC invocations=24 (full 0):
 garbage-first heap   total 141312K, used 113620K [0x0000000700000000, 0x0000000800000000)
  region size 2048K, 18 young (36864K), 2 survivors (4096K)
 Metaspace       used 79376K, committed 80064K, reserved 1122304K
  class space    used 10952K, committed 11264K, reserved 1048576K
}
Event: 15.284 GC heap after
{Heap after GC invocations=25 (full 0):
 garbage-first heap   total 141312K, used 81577K [0x0000000700000000, 0x0000000800000000)
  region size 2048K, 2 young (4096K), 2 survivors (4096K)
 Metaspace       used 79376K, committed 80064K, reserved 1122304K
  class space    used 10952K, committed 11264K, reserved 1048576K
}
Event: 15.606 GC heap before
{Heap before GC invocations=26 (full 0):
 garbage-first heap   total 141312K, used 112297K [0x0000000700000000, 0x0000000800000000)
  region size 2048K, 18 young (36864K), 2 survivors (4096K)
 Metaspace       used 80332K, committed 81088K, reserved 1122304K
  class space    used 11097K, committed 11456K, reserved 1048576K
}
Event: 15.612 GC heap after
{Heap after GC invocations=27 (full 0):
 garbage-first heap   total 141312K, used 86077K [0x0000000700000000, 0x0000000800000000)
  region size 2048K, 3 young (6144K), 3 survivors (6144K)
 Metaspace       used 80332K, committed 81088K, reserved 1122304K
  class space    used 11097K, committed 11456K, reserved 1048576K
}
Event: 15.891 GC heap before
{Heap before GC invocations=27 (full 0):
 garbage-first heap   total 141312K, used 114749K [0x0000000700000000, 0x0000000800000000)
  region size 2048K, 17 young (34816K), 3 survivors (6144K)
 Metaspace       used 82313K, committed 83136K, reserved 1122304K
  class space    used 11364K, committed 11776K, reserved 1048576K
}
Event: 15.896 GC heap after
{Heap after GC invocations=28 (full 0):
 garbage-first heap   total 141312K, used 87944K [0x0000000700000000, 0x0000000800000000)
  region size 2048K, 1 young (2048K), 1 survivors (2048K)
 Metaspace       used 82313K, committed 83136K, reserved 1122304K
  class space    used 11364K, committed 11776K, reserved 1048576K
}
Event: 16.295 GC heap before
{Heap before GC invocations=29 (full 0):
 garbage-first heap   total 157696K, used 114568K [0x0000000700000000, 0x0000000800000000)
  region size 2048K, 14 young (28672K), 1 survivors (2048K)
 Metaspace       used 84010K, committed 84864K, reserved 1122304K
  class space    used 11582K, committed 11968K, reserved 1048576K
}
Event: 16.298 GC heap after
{Heap after GC invocations=30 (full 0):
 garbage-first heap   total 157696K, used 89078K [0x0000000700000000, 0x0000000800000000)
  region size 2048K, 2 young (4096K), 2 survivors (4096K)
 Metaspace       used 84010K, committed 84864K, reserved 1122304K
  class space    used 11582K, committed 11968K, reserved 1048576K
}
Event: 16.663 GC heap before
{Heap before GC invocations=30 (full 0):
 garbage-first heap   total 157696K, used 127990K [0x0000000700000000, 0x0000000800000000)
  region size 2048K, 21 young (43008K), 2 survivors (4096K)
 Metaspace       used 86222K, committed 87040K, reserved 1130496K
  class space    used 11888K, committed 12288K, reserved 1048576K
}
Event: 16.668 GC heap after
{Heap after GC invocations=31 (full 0):
 garbage-first heap   total 157696K, used 91195K [0x0000000700000000, 0x0000000800000000)
  region size 2048K, 3 young (6144K), 3 survivors (6144K)
 Metaspace       used 86222K, committed 87040K, reserved 1130496K
  class space    used 11888K, committed 12288K, reserved 1048576K
}

