# JRE version: OpenJDK Runtime Environment Temurin-17.0.5+8 (17.0.5+8) (build 17.0.5+8)
# Java VM: OpenJDK 64-Bit Server VM Temurin-17.0.5+8 (17.0.5+8, mixed mode, sharing, tiered, compressed oops, compressed class ptrs, g1 gc, windows-amd64)
GC Precious Log:
 CPUs: 8 total, 8 available
 Memory: 7975M
 Large Page Support: Disabled
 NUMA Support: Disabled
 Compressed Oops: Enabled (Zero based)
 Heap Region Size: 2M
 Heap Min Capacity: 8M
 Heap Initial Capacity: 126M
 Heap Max Capacity: 4G
 Pre-touch: Disabled
 Parallel Workers: 8
 Concurrent Workers: 2
 Concurrent Refinement Workers: 8
 Periodic GC: Disabled
Heap:
 garbage-first heap   total 243712K, used 138230K [0x0000000700000000, 0x0000000800000000)
  region size 2048K, 6 young (12288K), 3 survivors (6144K)
 Metaspace       used 95166K, committed 96192K, reserved 1138688K
  class space    used 13014K, committed 13504K, reserved 1048576K
GC Heap History (20 events):
Event: 15.063 GC heap before
{Heap before GC invocations=30 (full 0):
 garbage-first heap   total 157696K, used 103206K [0x0000000700000000, 0x0000000800000000)
  region size 2048K, 13 young (26624K), 3 survivors (6144K)
 Metaspace       used 74301K, committed 75008K, reserved 1114112K
  class space    used 10285K, committed 10624K, reserved 1048576K
}
Event: 15.067 GC heap after
{Heap after GC invocations=31 (full 0):
 garbage-first heap   total 157696K, used 92536K [0x0000000700000000, 0x0000000800000000)
  region size 2048K, 3 young (6144K), 3 survivors (6144K)
 Metaspace       used 74301K, committed 75008K, reserved 1114112K
  class space    used 10285K, committed 10624K, reserved 1048576K
}
Event: 15.432 GC heap before
{Heap before GC invocations=32 (full 0):
 garbage-first heap   total 174080K, used 131448K [0x0000000700000000, 0x0000000800000000)
  region size 2048K, 19 young (38912K), 3 survivors (6144K)
 Metaspace       used 76559K, committed 77312K, reserved 1122304K
  class space    used 10583K, committed 10944K, reserved 1048576K
}
Event: 15.437 GC heap after
{Heap after GC invocations=33 (full 0):
 garbage-first heap   total 174080K, used 102631K [0x0000000700000000, 0x0000000800000000)
  region size 2048K, 2 young (4096K), 2 survivors (4096K)
 Metaspace       used 76559K, committed 77312K, reserved 1122304K
  class space    used 10583K, committed 10944K, reserved 1048576K
}
Event: 15.580 GC heap before
{Heap before GC invocations=33 (full 0):
 garbage-first heap   total 174080K, used 139495K [0x0000000700000000, 0x0000000800000000)
  region size 2048K, 20 young (40960K), 2 survivors (4096K)
 Metaspace       used 76753K, committed 77504K, reserved 1122304K
  class space    used 10611K, committed 10944K, reserved 1048576K
}
Event: 15.585 GC heap after
{Heap after GC invocations=34 (full 0):
 garbage-first heap   total 174080K, used 104689K [0x0000000700000000, 0x0000000800000000)
  region size 2048K, 3 young (6144K), 3 survivors (6144K)
 Metaspace       used 76753K, committed 77504K, reserved 1122304K
  class space    used 10611K, committed 10944K, reserved 1048576K
}
Event: 16.001 GC heap before
{Heap before GC invocations=35 (full 0):
 garbage-first heap   total 188416K, used 141553K [0x0000000700000000, 0x0000000800000000)
  region size 2048K, 21 young (43008K), 3 survivors (6144K)
 Metaspace       used 78913K, committed 79680K, reserved 1122304K
  class space    used 10909K, committed 11264K, reserved 1048576K
}
Event: 16.006 GC heap after
{Heap after GC invocations=36 (full 0):
 garbage-first heap   total 188416K, used 106569K [0x0000000700000000, 0x0000000800000000)
  region size 2048K, 3 young (6144K), 3 survivors (6144K)
 Metaspace       used 78913K, committed 79680K, reserved 1122304K
  class space    used 10909K, committed 11264K, reserved 1048576K
}
Event: 16.614 GC heap before
{Heap before GC invocations=36 (full 0):
 garbage-first heap   total 188416K, used 151625K [0x0000000700000000, 0x0000000800000000)
  region size 2048K, 25 young (51200K), 3 survivors (6144K)
 Metaspace       used 81899K, committed 82752K, reserved 1122304K
  class space    used 11466K, committed 11904K, reserved 1048576K
}
Event: 16.618 GC heap after
{Heap after GC invocations=37 (full 0):
 garbage-first heap   total 227328K, used 108008K [0x0000000700000000, 0x0000000800000000)
  region size 2048K, 3 young (6144K), 3 survivors (6144K)
 Metaspace       used 81899K, committed 82752K, reserved 1122304K
  class space    used 11466K, committed 11904K, reserved 1048576K
}
Event: 17.948 GC heap before
{Heap before GC invocations=38 (full 0):
 garbage-first heap   total 227328K, used 181736K [0x0000000700000000, 0x0000000800000000)
  region size 2048K, 39 young (79872K), 3 survivors (6144K)
 Metaspace       used 85523K, committed 86400K, reserved 1130496K
  class space    used 11993K, committed 12416K, reserved 1048576K
}
Event: 17.955 GC heap after
{Heap after GC invocations=39 (full 0):
 garbage-first heap   total 227328K, used 111985K [0x0000000700000000, 0x0000000800000000)
  region size 2048K, 4 young (8192K), 4 survivors (8192K)
 Metaspace       used 85523K, committed 86400K, reserved 1130496K
  class space    used 11993K, committed 12416K, reserved 1048576K
}
Event: 19.024 GC heap before
{Heap before GC invocations=39 (full 0):
 garbage-first heap   total 227328K, used 179569K [0x0000000700000000, 0x0000000800000000)
  region size 2048K, 38 young (77824K), 4 survivors (8192K)
 Metaspace       used 87526K, committed 88512K, reserved 1130496K
  class space    used 12271K, committed 12736K, reserved 1048576K
}
Event: 19.034 GC heap after
{Heap after GC invocations=40 (full 0):
 garbage-first heap   total 227328K, used 121003K [0x0000000700000000, 0x0000000800000000)
  region size 2048K, 5 young (10240K), 5 survivors (10240K)
 Metaspace       used 87526K, committed 88512K, reserved 1130496K
  class space    used 12271K, committed 12736K, reserved 1048576K
}
Event: 19.813 GC heap before
{Heap before GC invocations=41 (full 0):
 garbage-first heap   total 227328K, used 182443K [0x0000000700000000, 0x0000000800000000)
  region size 2048K, 35 young (71680K), 5 survivors (10240K)
 Metaspace       used 89215K, committed 90240K, reserved 1130496K
  class space    used 12530K, committed 12992K, reserved 1048576K
}
Event: 19.826 GC heap after
{Heap after GC invocations=42 (full 0):
 garbage-first heap   total 227328K, used 130297K [0x0000000700000000, 0x0000000800000000)
  region size 2048K, 5 young (10240K), 5 survivors (10240K)
 Metaspace       used 89215K, committed 90240K, reserved 1130496K
  class space    used 12530K, committed 12992K, reserved 1048576K
}
Event: 20.667 GC heap before
{Heap before GC invocations=42 (full 0):
 garbage-first heap   total 227328K, used 179449K [0x0000000700000000, 0x0000000800000000)
  region size 2048K, 30 young (61440K), 5 survivors (10240K)
 Metaspace       used 92997K, committed 94016K, reserved 1130496K
  class space    used 12877K, committed 13376K, reserved 1048576K
}
Event: 20.676 GC heap after
{Heap after GC invocations=43 (full 0):
 garbage-first heap   total 227328K, used 134430K [0x0000000700000000, 0x0000000800000000)
  region size 2048K, 3 young (6144K), 3 survivors (6144K)
 Metaspace       used 92997K, committed 94016K, reserved 1130496K
  class space    used 12877K, committed 13376K, reserved 1048576K
}
Event: 1212.419 GC heap before
{Heap before GC invocations=44 (full 0):
 garbage-first heap   total 243712K, used 181534K [0x0000000700000000, 0x0000000800000000)
  region size 2048K, 27 young (55296K), 3 survivors (6144K)
 Metaspace       used 95098K, committed 96128K, reserved 1138688K
  class space    used 13011K, committed 13504K, reserved 1048576K
}
Event: 1212.508 GC heap after
{Heap after GC invocations=45 (full 0):
 garbage-first heap   total 243712K, used 134134K [0x0000000700000000, 0x0000000800000000)
  region size 2048K, 3 young (6144K), 3 survivors (6144K)
 Metaspace       used 95098K, committed 96128K, reserved 1138688K
  class space    used 13011K, committed 13504K, reserved 1048576K
}

